core/build/intermediates/manifest_merge_blame_file/debug/manifest-merger-blame-debug-report.txt
1<?xml version="1.0" encoding="utf-8"?>
2<manifest xmlns:android="http://schemas.android.com/apk/res/android"
3    xmlns:tools="http://schemas.android.com/tools"
4    package="com.weexbox.core"
5    android:versionCode="1" >
6
7    <uses-sdk
8        android:minSdkVersion="21"
8-->src/main/AndroidManifest.xml
9        android:targetSdkVersion="28" />
9-->src/main/AndroidManifest.xml
10
11    <uses-permission android:name="android.permission.ACCESS_NETWORK_STATE" />
11-->src/main/AndroidManifest.xml:6:5-79
11-->src/main/AndroidManifest.xml:6:22-76
12    <uses-permission android:name="android.permission.CALL_PHONE" />
12-->src/main/AndroidManifest.xml:7:5-69
12-->src/main/AndroidManifest.xml:7:22-66
13    <uses-permission android:name="android.permission.INTERNET" />
13-->src/main/AndroidManifest.xml:8:5-67
13-->src/main/AndroidManifest.xml:8:22-64
14    <uses-permission android:name="android.permission.VIBRATE" />
14-->src/main/AndroidManifest.xml:9:5-66
14-->src/main/AndroidManifest.xml:9:22-63
15    <uses-permission android:name="android.permission.WRITE_EXTERNAL_STORAGE" />
15-->src/main/AndroidManifest.xml:10:5-81
15-->src/main/AndroidManifest.xml:10:22-78
16    <uses-permission android:name="android.permission.READ_EXTERNAL_STORAGE" />
16-->src/main/AndroidManifest.xml:11:5-80
16-->src/main/AndroidManifest.xml:11:22-77
17    <uses-permission android:name="android.permission.CAMERA" />
17-->src/main/AndroidManifest.xml:12:5-65
17-->src/main/AndroidManifest.xml:12:22-62
18    <uses-permission android:name="android.permission.READ_PHONE_STATE" />
18-->src/main/AndroidManifest.xml:13:5-75
18-->src/main/AndroidManifest.xml:13:22-72
19    <uses-permission android:name="android.permission.ACCESS_WIFI_STATE" />
19-->src/main/AndroidManifest.xml:14:5-76
19-->src/main/AndroidManifest.xml:14:22-73
20
21    <application android:networkSecurityConfig="@xml/network_security_config" >
21-->src/main/AndroidManifest.xml:16:5-34:19
21-->src/main/AndroidManifest.xml:17:9-69
22        <activity
22-->src/main/AndroidManifest.xml:18:9-25:57
23            android:name="com.journeyapps.barcodescanner.CaptureActivity"
23-->src/main/AndroidManifest.xml:19:13-74
24            android:clearTaskOnLaunch="true"
24-->src/main/AndroidManifest.xml:20:13-45
25            android:screenOrientation="portrait"
25-->src/main/AndroidManifest.xml:21:13-49
26            android:stateNotNeeded="true"
26-->src/main/AndroidManifest.xml:22:13-42
27            android:theme="@style/zxing_CaptureTheme"
27-->src/main/AndroidManifest.xml:23:13-54
28            android:windowSoftInputMode="stateAlwaysHidden"
28-->src/main/AndroidManifest.xml:24:13-60
29            tools:replace="android:screenOrientation" />
29-->src/main/AndroidManifest.xml:25:13-54
30        <activity
30-->src/main/AndroidManifest.xml:27:9-28:55
31            android:name="com.weexbox.core.controller.WBBaseActivity"
31-->src/main/AndroidManifest.xml:27:19-60
32            android:theme="@style/ITranslucentTheme" />
32-->src/main/AndroidManifest.xml:28:13-53
33        <activity android:name="com.weexbox.core.controller.WBWebViewActivity" />
33-->src/main/AndroidManifest.xml:30:9-66
33-->src/main/AndroidManifest.xml:30:19-63
34        <activity
34-->src/main/AndroidManifest.xml:32:9-33:55
35            android:name="com.weexbox.core.controller.WBWeexActivity"
35-->src/main/AndroidManifest.xml:32:19-60
36            android:theme="@style/ITranslucentTheme" />
36-->src/main/AndroidManifest.xml:33:13-53
37    </application>
38
39</manifest>